<?xml version="1.0" encoding="UTF-8"?>
<!-- Generated by org.testng.reporters.JUnitXMLReporter -->
<testsuite ignored="0" hostname="LAMIA" failures="0" tests="6" name="Command line test" time="13.06" errors="0" timestamp="2023-01-04T22:33:56 CET">
  <testcase classname="org.QA.TestFilter" name="filterFromLowToHigh" time="0.811"/>
  <testcase classname="org.QA.TestInitialPage" name="validateLandingPage" time="0.014"/>
  <testcase classname="org.QA.TestInitialPage" name="validateLoginPageElements" time="0.12"/>
  <testcase classname="org.QA.TestLogin" name="LoginAttemptWithoutPassword" time="0.278"/>
  <testcase classname="org.QA.TestLogin" name="LoginAttemptWithoutUsername" time="0.321"/>
  <testcase classname="org.QA.TestLogin" name="loginWithValidCredentials" time="0.544"/>
</testsuite> <!-- Command line test -->
